0 info it worked if it ends with ok
1 verbose cli [ 'node', '/usr/local/bin/npm', 'login' ]
2 info using npm@1.1.59
3 info using node@v0.8.8
4 warn Email must be an email address
5 verbose adduser before first PUT { name: 'ympbyc',
5 verbose adduser   salt: 'XXXXX',
5 verbose adduser   password_sha: 'XXXXX',
5 verbose adduser   email: 'ympbyc@gmail.com',
5 verbose adduser   _id: 'org.couchdb.user:ympbyc',
5 verbose adduser   type: 'user',
5 verbose adduser   roles: [],
5 verbose adduser   date: '2012-10-17T09:55:50.474Z' }
6 verbose url raw /-/user/org.couchdb.user:ympbyc
7 verbose url resolving [ 'https://registry.npmjs.org/',
7 verbose url resolving   './-/user/org.couchdb.user:ympbyc' ]
8 verbose url resolved https://registry.npmjs.org/-/user/org.couchdb.user:ympbyc
9 info retry registry request attempt 1 at 18:55:50
10 http PUT https://registry.npmjs.org/-/user/org.couchdb.user:ympbyc
11 http 409 https://registry.npmjs.org/-/user/org.couchdb.user:ympbyc
12 verbose adduser update existing user
13 verbose url raw /-/user/org.couchdb.user:ympbyc
14 verbose url resolving [ 'https://registry.npmjs.org/',
14 verbose url resolving   './-/user/org.couchdb.user:ympbyc' ]
15 verbose url resolved https://registry.npmjs.org/-/user/org.couchdb.user:ympbyc
16 info retry registry request attempt 1 at 18:55:53
17 http GET https://registry.npmjs.org/-/user/org.couchdb.user:ympbyc
18 http 200 https://registry.npmjs.org/-/user/org.couchdb.user:ympbyc
19 verbose adduser userobj { name: 'ympbyc',
19 verbose adduser   salt: 'XXXXX',
19 verbose adduser   password_sha: 'XXXXX',
19 verbose adduser   email: 'ympbyc@gmail.com',
19 verbose adduser   _id: 'org.couchdb.user:ympbyc',
19 verbose adduser   type: 'user',
19 verbose adduser   roles: [],
19 verbose adduser   date: '2012-10-17T09:55:50.474Z' }
20 verbose url raw /-/user/org.couchdb.user:ympbyc/-rev/1-8954a5da44969222815882d5c0c3b837
21 verbose url resolving [ 'https://registry.npmjs.org/',
21 verbose url resolving   './-/user/org.couchdb.user:ympbyc/-rev/1-8954a5da44969222815882d5c0c3b837' ]
22 verbose url resolved https://registry.npmjs.org/-/user/org.couchdb.user:ympbyc/-rev/1-8954a5da44969222815882d5c0c3b837
23 info retry registry request attempt 1 at 18:55:54
24 http PUT https://registry.npmjs.org/-/user/org.couchdb.user:ympbyc/-rev/1-8954a5da44969222815882d5c0c3b837
25 http 201 https://registry.npmjs.org/-/user/org.couchdb.user:ympbyc/-rev/1-8954a5da44969222815882d5c0c3b837
26 info adduser Authorized user ympbyc
27 error Error: EACCES, open '/Users/yamashitaminori/.npmrc'
27 error  { [Error: EACCES, open '/Users/yamashitaminori/.npmrc']
27 error   errno: 3,
27 error   code: 'EACCES',
27 error   path: '/Users/yamashitaminori/.npmrc' }
28 error Please try running this command again as root/Administrator.
29 error System Darwin 11.4.2
30 error command "node" "/usr/local/bin/npm" "login"
31 error cwd /Users/yamashitaminori/Work/LittleSmallscript
32 error node -v v0.8.8
33 error npm -v 1.1.59
34 error path /Users/yamashitaminori/.npmrc
35 error code EACCES
36 error errno 3
37 error stack Error: EACCES, open '/Users/yamashitaminori/.npmrc'
38 verbose exit [ 3, true ]
